::1 - - [22/Jan/2023:21:47:12 +0400] "GET /index.php HTTP/1.1" 200 16
::1 - - [22/Jan/2023:21:47:15 +0400] "GET /favicon.ico HTTP/1.1" 404 196
::1 - - [24/Jan/2023:20:10:29 +0400] "GET / HTTP/1.1" 200 411
::1 - - [24/Jan/2023:20:10:29 +0400] "GET /favicon.ico HTTP/1.1" 404 196
::1 - - [24/Jan/2023:20:10:46 +0400] "POST /display.php HTTP/1.1" 200 51
::1 - - [24/Jan/2023:20:19:47 +0400] "GET / HTTP/1.1" 200 837
::1 - - [24/Jan/2023:20:19:51 +0400] "GET /favicon.ico HTTP/1.1" 404 196
::1 - - [24/Jan/2023:20:19:53 +0400] "POST /display.php HTTP/1.1" 200 32
::1 - - [24/Jan/2023:20:20:49 +0400] "GET / HTTP/1.1" 200 837
::1 - - [24/Jan/2023:20:20:55 +0400] "POST /display.php HTTP/1.1" 200 136
::1 - - [24/Jan/2023:20:25:06 +0400] "GET / HTTP/1.1" 200 837
::1 - - [24/Jan/2023:20:25:14 +0400] "POST /display.php HTTP/1.1" 200 139
::1 - - [24/Jan/2023:20:27:17 +0400] "GET /display.php HTTP/1.1" 200 271
::1 - - [24/Jan/2023:20:27:23 +0400] "GET / HTTP/1.1" 200 837
::1 - - [24/Jan/2023:20:27:30 +0400] "POST /display.php HTTP/1.1" 200 30
::1 - - [24/Jan/2023:20:28:17 +0400] "GET / HTTP/1.1" 200 837
::1 - - [24/Jan/2023:20:28:23 +0400] "POST /display.php HTTP/1.1" 200 28
::1 - - [24/Jan/2023:20:30:09 +0400] "GET / HTTP/1.1" 200 837
::1 - - [24/Jan/2023:20:30:42 +0400] "POST /display.php HTTP/1.1" 200 29
::1 - - [24/Jan/2023:21:17:42 +0400] "GET / HTTP/1.1" 200 1099
::1 - - [24/Jan/2023:21:17:43 +0400] "GET / HTTP/1.1" 200 1099
::1 - - [24/Jan/2023:21:18:43 +0400] "-" 408 -
::1 - - [24/Jan/2023:21:19:43 +0400] "-" 408 -
::1 - - [24/Jan/2023:21:20:43 +0400] "-" 408 -
::1 - - [24/Jan/2023:21:21:43 +0400] "-" 408 -
::1 - - [24/Jan/2023:21:22:43 +0400] "-" 408 -
::1 - - [24/Jan/2023:21:23:44 +0400] "-" 408 -
::1 - - [24/Jan/2023:21:24:44 +0400] "-" 408 -
::1 - - [24/Jan/2023:21:25:44 +0400] "-" 408 -
::1 - - [24/Jan/2023:21:26:44 +0400] "-" 408 -
::1 - - [24/Jan/2023:21:27:44 +0400] "-" 408 -
::1 - - [24/Jan/2023:21:28:44 +0400] "-" 408 -
::1 - - [24/Jan/2023:21:29:44 +0400] "-" 408 -
::1 - - [24/Jan/2023:21:30:44 +0400] "-" 408 -
::1 - - [24/Jan/2023:21:31:44 +0400] "-" 408 -
::1 - - [24/Jan/2023:21:32:44 +0400] "-" 408 -
::1 - - [24/Jan/2023:21:33:44 +0400] "-" 408 -
::1 - - [24/Jan/2023:21:34:44 +0400] "-" 408 -
::1 - - [24/Jan/2023:21:35:44 +0400] "-" 408 -
::1 - - [24/Jan/2023:21:36:44 +0400] "-" 408 -
::1 - - [24/Jan/2023:21:37:44 +0400] "-" 408 -
::1 - - [24/Jan/2023:21:38:44 +0400] "-" 408 -
::1 - - [24/Jan/2023:21:39:44 +0400] "-" 408 -
::1 - - [24/Jan/2023:21:40:44 +0400] "-" 408 -
::1 - - [24/Jan/2023:21:41:44 +0400] "-" 408 -
::1 - - [24/Jan/2023:21:41:52 +0400] "GET / HTTP/1.1" 200 141
::1 - - [24/Jan/2023:21:42:43 +0400] "GET / HTTP/1.1" 200 141
::1 - - [24/Jan/2023:21:43:26 +0400] "GET / HTTP/1.1" 200 141
::1 - - [24/Jan/2023:21:47:42 +0400] "GET / HTTP/1.1" 200 141
::1 - - [24/Jan/2023:21:50:51 +0400] "GET / HTTP/1.1" 200 141
::1 - - [24/Jan/2023:21:50:53 +0400] "GET / HTTP/1.1" 200 141
::1 - - [24/Jan/2023:21:51:26 +0400] "GET / HTTP/1.1" 200 142
::1 - - [24/Jan/2023:22:00:27 +0400] "GET / HTTP/1.1" 200 1015
::1 - - [24/Jan/2023:22:01:28 +0400] "-" 408 -
::1 - - [24/Jan/2023:22:02:28 +0400] "-" 408 -
::1 - - [24/Jan/2023:22:03:28 +0400] "-" 408 -
::1 - - [24/Jan/2023:22:04:28 +0400] "-" 408 -
::1 - - [24/Jan/2023:22:05:28 +0400] "-" 408 -
::1 - - [24/Jan/2023:22:06:28 +0400] "-" 408 -
::1 - - [24/Jan/2023:22:07:28 +0400] "-" 408 -
::1 - - [24/Jan/2023:22:08:30 +0400] "-" 408 -
::1 - - [24/Jan/2023:22:09:30 +0400] "-" 408 -
::1 - - [24/Jan/2023:22:10:30 +0400] "-" 408 -
::1 - - [24/Jan/2023:22:11:30 +0400] "-" 408 -
::1 - - [24/Jan/2023:22:12:30 +0400] "-" 408 -
::1 - - [24/Jan/2023:22:13:30 +0400] "-" 408 -
::1 - - [24/Jan/2023:22:14:30 +0400] "-" 408 -
::1 - - [24/Jan/2023:22:15:30 +0400] "-" 408 -
::1 - - [24/Jan/2023:22:16:30 +0400] "-" 408 -
::1 - - [24/Jan/2023:22:17:30 +0400] "-" 408 -
::1 - - [25/Jan/2023:17:39:21 +0400] "-" 408 -
::1 - - [25/Jan/2023:17:40:21 +0400] "-" 408 -
::1 - - [25/Jan/2023:17:41:21 +0400] "-" 408 -
::1 - - [25/Jan/2023:17:42:21 +0400] "-" 408 -
::1 - - [25/Jan/2023:17:43:21 +0400] "-" 408 -
::1 - - [25/Jan/2023:17:44:21 +0400] "-" 408 -
::1 - - [25/Jan/2023:17:45:21 +0400] "-" 408 -
::1 - - [25/Jan/2023:17:46:21 +0400] "-" 408 -
::1 - - [25/Jan/2023:17:47:21 +0400] "-" 408 -
::1 - - [25/Jan/2023:17:48:21 +0400] "-" 408 -
::1 - - [25/Jan/2023:17:49:21 +0400] "-" 408 -
::1 - - [25/Jan/2023:17:50:21 +0400] "-" 408 -
::1 - - [25/Jan/2023:17:51:21 +0400] "-" 408 -
::1 - - [25/Jan/2023:17:52:21 +0400] "-" 408 -
::1 - - [25/Jan/2023:17:53:21 +0400] "-" 408 -
::1 - - [25/Jan/2023:18:07:09 +0400] "GET / HTTP/1.1" 200 135
::1 - - [25/Jan/2023:18:07:58 +0400] "GET / HTTP/1.1" 200 987
::1 - - [25/Jan/2023:18:08:58 +0400] "-" 408 -
::1 - - [25/Jan/2023:18:09:58 +0400] "-" 408 -
::1 - - [25/Jan/2023:18:10:58 +0400] "-" 408 -
::1 - - [25/Jan/2023:18:11:58 +0400] "-" 408 -
::1 - - [25/Jan/2023:18:12:58 +0400] "-" 408 -
::1 - - [25/Jan/2023:18:13:13 +0400] "GET / HTTP/1.1" 200 1002
::1 - - [25/Jan/2023:18:14:13 +0400] "-" 408 -
::1 - - [25/Jan/2023:18:15:13 +0400] "-" 408 -
::1 - - [25/Jan/2023:18:16:13 +0400] "-" 408 -
::1 - - [25/Jan/2023:18:16:51 +0400] "GET / HTTP/1.1" 200 1005
::1 - - [25/Jan/2023:18:17:51 +0400] "-" 408 -
::1 - - [25/Jan/2023:18:18:51 +0400] "-" 408 -
::1 - - [25/Jan/2023:18:19:51 +0400] "-" 408 -
::1 - - [25/Jan/2023:18:20:51 +0400] "-" 408 -
::1 - - [25/Jan/2023:18:21:51 +0400] "-" 408 -
::1 - - [25/Jan/2023:18:22:51 +0400] "-" 408 -
::1 - - [25/Jan/2023:18:23:51 +0400] "-" 408 -
::1 - - [25/Jan/2023:18:24:51 +0400] "-" 408 -
::1 - - [25/Jan/2023:18:25:51 +0400] "-" 408 -
::1 - - [25/Jan/2023:18:26:51 +0400] "-" 408 -
::1 - - [25/Jan/2023:18:27:51 +0400] "-" 408 -
::1 - - [25/Jan/2023:18:28:35 +0400] "GET / HTTP/1.1" 200 1109
::1 - - [25/Jan/2023:18:29:13 +0400] "GET / HTTP/1.1" 200 1101
::1 - - [25/Jan/2023:18:30:13 +0400] "-" 408 -
::1 - - [25/Jan/2023:18:31:13 +0400] "-" 408 -
::1 - - [25/Jan/2023:18:32:13 +0400] "-" 408 -
::1 - - [25/Jan/2023:18:33:13 +0400] "-" 408 -
::1 - - [25/Jan/2023:18:34:13 +0400] "-" 408 -
::1 - - [25/Jan/2023:18:35:13 +0400] "-" 408 -
::1 - - [25/Jan/2023:18:36:13 +0400] "-" 408 -
::1 - - [26/Jan/2023:19:18:53 +0400] "GET /favicon.ico HTTP/1.1" 404 196
::1 - - [26/Jan/2023:19:29:38 +0400] "-" 408 -
::1 - - [26/Jan/2023:19:30:38 +0400] "-" 408 -
::1 - - [26/Jan/2023:19:31:38 +0400] "-" 408 -
::1 - - [26/Jan/2023:19:32:38 +0400] "-" 408 -
::1 - - [26/Jan/2023:19:33:38 +0400] "-" 408 -
::1 - - [26/Jan/2023:19:34:38 +0400] "-" 408 -
::1 - - [26/Jan/2023:19:35:38 +0400] "-" 408 -
::1 - - [26/Jan/2023:19:36:38 +0400] "-" 408 -
::1 - - [26/Jan/2023:19:37:38 +0400] "-" 408 -
::1 - - [26/Jan/2023:19:38:38 +0400] "-" 408 -
::1 - - [26/Jan/2023:19:39:38 +0400] "-" 408 -
::1 - - [26/Jan/2023:19:40:38 +0400] "-" 408 -
::1 - - [26/Jan/2023:19:41:38 +0400] "-" 408 -
::1 - - [26/Jan/2023:19:42:38 +0400] "-" 408 -
::1 - - [26/Jan/2023:19:43:38 +0400] "-" 408 -
::1 - - [26/Jan/2023:19:44:38 +0400] "-" 408 -
::1 - - [26/Jan/2023:19:45:38 +0400] "-" 408 -
::1 - - [26/Jan/2023:19:46:38 +0400] "-" 408 -
::1 - - [26/Jan/2023:19:47:38 +0400] "-" 408 -
::1 - - [26/Jan/2023:19:48:38 +0400] "-" 408 -
::1 - - [26/Jan/2023:19:49:38 +0400] "-" 408 -
::1 - - [26/Jan/2023:19:50:38 +0400] "-" 408 -
::1 - - [26/Jan/2023:19:51:38 +0400] "-" 408 -
::1 - - [26/Jan/2023:19:52:38 +0400] "-" 408 -
::1 - - [26/Jan/2023:19:53:38 +0400] "-" 408 -
::1 - - [26/Jan/2023:19:54:38 +0400] "-" 408 -
::1 - - [26/Jan/2023:19:55:38 +0400] "-" 408 -
::1 - - [26/Jan/2023:19:56:38 +0400] "-" 408 -
::1 - - [26/Jan/2023:19:57:38 +0400] "-" 408 -
::1 - - [26/Jan/2023:19:58:38 +0400] "-" 408 -
::1 - - [26/Jan/2023:19:59:38 +0400] "-" 408 -
::1 - - [26/Jan/2023:20:00:38 +0400] "-" 408 -
::1 - - [26/Jan/2023:20:01:38 +0400] "-" 408 -
::1 - - [26/Jan/2023:20:02:38 +0400] "-" 408 -
::1 - - [26/Jan/2023:20:03:38 +0400] "-" 408 -
::1 - - [26/Jan/2023:20:04:38 +0400] "-" 408 -
::1 - - [26/Jan/2023:20:05:38 +0400] "-" 408 -
::1 - - [26/Jan/2023:20:06:38 +0400] "-" 408 -
::1 - - [26/Jan/2023:20:07:38 +0400] "-" 408 -
::1 - - [26/Jan/2023:20:08:38 +0400] "-" 408 -
::1 - - [26/Jan/2023:20:09:38 +0400] "-" 408 -
::1 - - [26/Jan/2023:20:10:38 +0400] "-" 408 -
::1 - - [26/Jan/2023:20:11:38 +0400] "-" 408 -
::1 - - [26/Jan/2023:20:12:38 +0400] "-" 408 -
::1 - - [26/Jan/2023:20:13:38 +0400] "-" 408 -
::1 - - [26/Jan/2023:20:14:38 +0400] "-" 408 -
::1 - - [26/Jan/2023:20:15:38 +0400] "-" 408 -
::1 - - [26/Jan/2023:20:27:01 +0400] "GET / HTTP/1.1" 200 1242
::1 - - [26/Jan/2023:20:28:03 +0400] "-" 408 -
::1 - - [26/Jan/2023:20:29:03 +0400] "-" 408 -
::1 - - [26/Jan/2023:20:29:37 +0400] "GET / HTTP/1.1" 200 1248
::1 - - [26/Jan/2023:20:30:37 +0400] "-" 408 -
::1 - - [26/Jan/2023:20:31:37 +0400] "-" 408 -
::1 - - [26/Jan/2023:20:32:37 +0400] "-" 408 -
::1 - - [26/Jan/2023:20:33:37 +0400] "-" 408 -
::1 - - [26/Jan/2023:20:34:37 +0400] "-" 408 -
::1 - - [26/Jan/2023:20:35:37 +0400] "-" 408 -
::1 - - [26/Jan/2023:20:36:37 +0400] "-" 408 -
::1 - - [26/Jan/2023:20:37:37 +0400] "-" 408 -
::1 - - [26/Jan/2023:20:38:37 +0400] "-" 408 -
::1 - - [26/Jan/2023:20:39:37 +0400] "-" 408 -
::1 - - [26/Jan/2023:20:40:37 +0400] "-" 408 -
::1 - - [26/Jan/2023:20:41:37 +0400] "-" 408 -
::1 - - [26/Jan/2023:20:42:37 +0400] "-" 408 -
::1 - - [26/Jan/2023:20:43:37 +0400] "-" 408 -
::1 - - [26/Jan/2023:20:44:37 +0400] "-" 408 -
::1 - - [26/Jan/2023:20:45:37 +0400] "-" 408 -
::1 - - [26/Jan/2023:20:46:37 +0400] "-" 408 -
::1 - - [26/Jan/2023:20:47:37 +0400] "-" 408 -
::1 - - [26/Jan/2023:20:48:37 +0400] "-" 408 -
::1 - - [26/Jan/2023:20:49:37 +0400] "-" 408 -
::1 - - [26/Jan/2023:20:50:37 +0400] "-" 408 -
::1 - - [26/Jan/2023:20:51:37 +0400] "-" 408 -
::1 - - [26/Jan/2023:20:52:37 +0400] "-" 408 -
::1 - - [26/Jan/2023:20:53:37 +0400] "-" 408 -
::1 - - [26/Jan/2023:20:54:37 +0400] "-" 408 -
::1 - - [26/Jan/2023:20:55:37 +0400] "-" 408 -
::1 - - [26/Jan/2023:20:56:37 +0400] "-" 408 -
::1 - - [26/Jan/2023:20:57:37 +0400] "-" 408 -
::1 - - [26/Jan/2023:20:58:37 +0400] "-" 408 -
::1 - - [26/Jan/2023:20:59:37 +0400] "-" 408 -
::1 - - [26/Jan/2023:21:00:37 +0400] "-" 408 -
::1 - - [26/Jan/2023:21:01:37 +0400] "-" 408 -
::1 - - [26/Jan/2023:21:02:37 +0400] "-" 408 -
::1 - - [26/Jan/2023:21:03:37 +0400] "-" 408 -
::1 - - [26/Jan/2023:21:04:37 +0400] "-" 408 -
::1 - - [26/Jan/2023:21:05:37 +0400] "-" 408 -
::1 - - [26/Jan/2023:21:06:37 +0400] "-" 408 -
::1 - - [26/Jan/2023:21:07:37 +0400] "-" 408 -
::1 - - [26/Jan/2023:21:08:37 +0400] "-" 408 -
::1 - - [26/Jan/2023:21:09:37 +0400] "-" 408 -
::1 - - [26/Jan/2023:21:10:37 +0400] "-" 408 -
::1 - - [26/Jan/2023:21:11:38 +0400] "-" 408 -
::1 - - [26/Jan/2023:21:12:38 +0400] "-" 408 -
::1 - - [26/Jan/2023:21:13:38 +0400] "-" 408 -
::1 - - [26/Jan/2023:21:14:38 +0400] "-" 408 -
::1 - - [26/Jan/2023:21:15:38 +0400] "-" 408 -
::1 - - [26/Jan/2023:21:16:38 +0400] "-" 408 -
::1 - - [26/Jan/2023:21:17:38 +0400] "-" 408 -
::1 - - [26/Jan/2023:21:18:38 +0400] "-" 408 -
::1 - - [26/Jan/2023:21:19:38 +0400] "-" 408 -
::1 - - [26/Jan/2023:21:20:38 +0400] "-" 408 -
::1 - - [26/Jan/2023:21:21:38 +0400] "-" 408 -
::1 - - [26/Jan/2023:21:22:38 +0400] "-" 408 -
::1 - - [26/Jan/2023:21:23:38 +0400] "-" 408 -
::1 - - [26/Jan/2023:21:24:38 +0400] "-" 408 -
::1 - - [26/Jan/2023:21:25:38 +0400] "-" 408 -
::1 - - [26/Jan/2023:21:26:38 +0400] "-" 408 -
::1 - - [26/Jan/2023:21:27:38 +0400] "-" 408 -
::1 - - [26/Jan/2023:21:28:30 +0400] "GET / HTTP/1.1" 200 1248
::1 - - [26/Jan/2023:21:28:39 +0400] "GET / HTTP/1.1" 200 1248
::1 - - [26/Jan/2023:21:29:06 +0400] "GET / HTTP/1.1" 200 1250
::1 - - [26/Jan/2023:21:29:52 +0400] "GET / HTTP/1.1" 200 1250
::1 - - [26/Jan/2023:21:30:52 +0400] "-" 408 -
::1 - - [26/Jan/2023:21:31:52 +0400] "-" 408 -
::1 - - [26/Jan/2023:21:32:52 +0400] "-" 408 -
::1 - - [26/Jan/2023:21:33:52 +0400] "-" 408 -
::1 - - [26/Jan/2023:21:34:30 +0400] "GET / HTTP/1.1" 200 136
::1 - - [26/Jan/2023:21:36:43 +0400] "GET / HTTP/1.1" 200 1255
::1 - - [26/Jan/2023:21:37:44 +0400] "-" 408 -
::1 - - [26/Jan/2023:21:38:44 +0400] "-" 408 -
::1 - - [26/Jan/2023:21:39:44 +0400] "-" 408 -
::1 - - [26/Jan/2023:21:40:44 +0400] "-" 408 -
::1 - - [26/Jan/2023:21:41:44 +0400] "-" 408 -
::1 - - [26/Jan/2023:21:42:44 +0400] "-" 408 -
::1 - - [26/Jan/2023:21:43:44 +0400] "-" 408 -
::1 - - [26/Jan/2023:21:44:20 +0400] "GET / HTTP/1.1" 200 1262
::1 - - [26/Jan/2023:21:45:05 +0400] "GET / HTTP/1.1" 200 1261
::1 - - [26/Jan/2023:21:45:24 +0400] "GET / HTTP/1.1" 200 1262
::1 - - [26/Jan/2023:21:45:41 +0400] "GET / HTTP/1.1" 200 1262
::1 - - [26/Jan/2023:21:46:41 +0400] "-" 408 -
::1 - - [26/Jan/2023:21:47:41 +0400] "-" 408 -
::1 - - [26/Jan/2023:21:47:49 +0400] "GET / HTTP/1.1" 200 1262
::1 - - [26/Jan/2023:21:48:49 +0400] "-" 408 -
::1 - - [26/Jan/2023:21:49:49 +0400] "-" 408 -
::1 - - [26/Jan/2023:21:50:49 +0400] "-" 408 -
::1 - - [26/Jan/2023:21:51:49 +0400] "-" 408 -
::1 - - [26/Jan/2023:21:52:49 +0400] "-" 408 -
::1 - - [26/Jan/2023:21:53:49 +0400] "-" 408 -
::1 - - [26/Jan/2023:21:54:49 +0400] "-" 408 -
::1 - - [26/Jan/2023:21:55:49 +0400] "-" 408 -
::1 - - [26/Jan/2023:21:56:49 +0400] "-" 408 -
::1 - - [26/Jan/2023:21:57:49 +0400] "-" 408 -
::1 - - [26/Jan/2023:21:58:49 +0400] "-" 408 -
::1 - - [26/Jan/2023:21:59:49 +0400] "-" 408 -
::1 - - [26/Jan/2023:22:00:49 +0400] "-" 408 -
::1 - - [26/Jan/2023:22:01:49 +0400] "-" 408 -
::1 - - [26/Jan/2023:22:02:49 +0400] "-" 408 -
::1 - - [26/Jan/2023:22:03:49 +0400] "-" 408 -
::1 - - [26/Jan/2023:22:04:49 +0400] "-" 408 -
::1 - - [26/Jan/2023:22:05:49 +0400] "-" 408 -
::1 - - [26/Jan/2023:22:06:49 +0400] "-" 408 -
::1 - - [26/Jan/2023:22:07:49 +0400] "-" 408 -
::1 - - [26/Jan/2023:22:08:49 +0400] "-" 408 -
::1 - - [26/Jan/2023:22:09:50 +0400] "-" 408 -
::1 - - [26/Jan/2023:22:10:50 +0400] "-" 408 -
::1 - - [26/Jan/2023:22:11:50 +0400] "-" 408 -
::1 - - [26/Jan/2023:22:12:50 +0400] "-" 408 -
::1 - - [26/Jan/2023:22:13:50 +0400] "-" 408 -
::1 - - [26/Jan/2023:22:14:50 +0400] "-" 408 -
::1 - - [26/Jan/2023:22:15:50 +0400] "-" 408 -
::1 - - [26/Jan/2023:22:17:01 +0400] "-" 408 -
::1 - - [26/Jan/2023:22:18:01 +0400] "-" 408 -
::1 - - [27/Jan/2023:17:16:18 +0400] "-" 408 -
::1 - - [27/Jan/2023:17:17:19 +0400] "-" 408 -
::1 - - [27/Jan/2023:17:18:19 +0400] "-" 408 -
::1 - - [27/Jan/2023:17:19:19 +0400] "-" 408 -
::1 - - [27/Jan/2023:17:20:19 +0400] "-" 408 -
::1 - - [27/Jan/2023:17:21:19 +0400] "-" 408 -
::1 - - [27/Jan/2023:17:22:19 +0400] "-" 408 -
::1 - - [29/Jan/2023:21:15:30 +0400] "GET / HTTP/1.1" 200 526
::1 - - [29/Jan/2023:21:15:34 +0400] "GET /favicon.ico HTTP/1.1" 404 196
::1 - - [29/Jan/2023:21:17:10 +0400] "GET / HTTP/1.1" 200 526
::1 - - [29/Jan/2023:21:17:12 +0400] "GET / HTTP/1.1" 304 -
::1 - - [29/Jan/2023:21:17:17 +0400] "GET / HTTP/1.1" 304 -
::1 - - [29/Jan/2023:21:17:32 +0400] "GET / HTTP/1.1" 200 526
::1 - - [29/Jan/2023:21:17:34 +0400] "GET /favicon.ico HTTP/1.1" 404 196
::1 - - [29/Jan/2023:21:18:30 +0400] "GET / HTTP/1.1" 200 853
::1 - - [29/Jan/2023:21:19:30 +0400] "-" 408 -
::1 - - [29/Jan/2023:21:20:11 +0400] "GET / HTTP/1.1" 200 898
::1 - - [29/Jan/2023:21:20:20 +0400] "POST /calc.php HTTP/1.1" 200 15
::1 - - [29/Jan/2023:21:21:20 +0400] "-" 408 -
::1 - - [29/Jan/2023:21:30:31 +0400] "POST /calc.php HTTP/1.1" 200 5
::1 - - [29/Jan/2023:21:30:55 +0400] "GET / HTTP/1.1" 304 -
::1 - - [29/Jan/2023:21:30:55 +0400] "GET /FD126C42-EBFA-4E12-B309-BB3FDD723AC1/main.js?attr=9HDmJnzqvZ69zWhmdIITX00srh8QNc1t2waexze5Xw9mRzSOA6fdYQRJ_gRSXxii HTTP/1.1" 404 196
::1 - - [29/Jan/2023:21:31:05 +0400] "POST /calc.php HTTP/1.1" 200 5
::1 - - [29/Jan/2023:21:31:15 +0400] "POST /calc.php HTTP/1.1" 200 6
::1 - - [29/Jan/2023:21:31:22 +0400] "GET / HTTP/1.1" 304 -
::1 - - [29/Jan/2023:21:31:22 +0400] "GET /FD126C42-EBFA-4E12-B309-BB3FDD723AC1/main.js?attr=9HDmJnzqvZ69zWhmdIITX00srh8QNc1t2waexze5Xw9mRzSOA6fdYQRJ_gRSXxii HTTP/1.1" 404 196
::1 - - [29/Jan/2023:21:31:42 +0400] "POST /calc.php HTTP/1.1" 200 7
::1 - - [29/Jan/2023:21:32:42 +0400] "-" 408 -
::1 - - [29/Jan/2023:21:46:57 +0400] "POST /calc.php HTTP/1.1" 200 7
::1 - - [29/Jan/2023:21:47:02 +0400] "GET / HTTP/1.1" 200 1176
::1 - - [29/Jan/2023:21:47:10 +0400] "POST / HTTP/1.1" 200 923
::1 - - [29/Jan/2023:21:47:39 +0400] "POST / HTTP/1.1" 200 923
::1 - - [29/Jan/2023:21:48:28 +0400] "GET / HTTP/1.1" 200 1176
::1 - - [29/Jan/2023:21:48:32 +0400] "GET / HTTP/1.1" 200 1176
::1 - - [29/Jan/2023:21:49:32 +0400] "-" 408 -
::1 - - [29/Jan/2023:21:50:32 +0400] "-" 408 -
::1 - - [29/Jan/2023:21:51:32 +0400] "-" 408 -
::1 - - [29/Jan/2023:21:52:32 +0400] "-" 408 -
::1 - - [29/Jan/2023:21:53:32 +0400] "-" 408 -
::1 - - [29/Jan/2023:21:53:50 +0400] "GET / HTTP/1.1" 200 918
::1 - - [29/Jan/2023:21:53:59 +0400] "POST / HTTP/1.1" 200 927
::1 - - [29/Jan/2023:21:54:59 +0400] "-" 408 -
::1 - - [29/Jan/2023:21:55:59 +0400] "-" 408 -
::1 - - [29/Jan/2023:21:56:59 +0400] "-" 408 -
::1 - - [29/Jan/2023:21:57:59 +0400] "-" 408 -
::1 - - [29/Jan/2023:21:58:59 +0400] "-" 408 -
::1 - - [29/Jan/2023:21:59:59 +0400] "-" 408 -
::1 - - [29/Jan/2023:22:00:59 +0400] "-" 408 -
::1 - - [29/Jan/2023:22:01:59 +0400] "-" 408 -
::1 - - [29/Jan/2023:22:02:59 +0400] "-" 408 -
::1 - - [29/Jan/2023:22:03:59 +0400] "-" 408 -
::1 - - [29/Jan/2023:22:04:59 +0400] "-" 408 -
::1 - - [29/Jan/2023:22:05:59 +0400] "-" 408 -
::1 - - [29/Jan/2023:22:06:59 +0400] "-" 408 -
::1 - - [29/Jan/2023:22:07:59 +0400] "-" 408 -
::1 - - [29/Jan/2023:22:08:59 +0400] "-" 408 -
::1 - - [29/Jan/2023:22:09:59 +0400] "-" 408 -
::1 - - [29/Jan/2023:22:10:59 +0400] "-" 408 -
::1 - - [29/Jan/2023:22:11:59 +0400] "-" 408 -
::1 - - [29/Jan/2023:22:12:59 +0400] "-" 408 -
::1 - - [29/Jan/2023:22:13:59 +0400] "-" 408 -
::1 - - [29/Jan/2023:22:14:59 +0400] "-" 408 -
::1 - - [29/Jan/2023:22:15:59 +0400] "-" 408 -
::1 - - [29/Jan/2023:22:16:59 +0400] "-" 408 -
::1 - - [31/Jan/2023:19:12:14 +0400] "GET /favicon.ico HTTP/1.1" 404 196
::1 - - [31/Jan/2023:19:13:15 +0400] "-" 408 -
::1 - - [31/Jan/2023:19:13:32 +0400] "-" 408 -
::1 - - [02/Feb/2023:20:25:37 +0400] "GET / HTTP/1.1" 200 788
::1 - - [02/Feb/2023:20:26:39 +0400] "-" 408 -
::1 - - [02/Feb/2023:20:27:39 +0400] "-" 408 -
::1 - - [02/Feb/2023:20:28:39 +0400] "-" 408 -
::1 - - [02/Feb/2023:20:29:39 +0400] "-" 408 -
::1 - - [02/Feb/2023:20:30:39 +0400] "-" 408 -
::1 - - [02/Feb/2023:20:31:39 +0400] "-" 408 -
::1 - - [02/Feb/2023:20:32:39 +0400] "-" 408 -
::1 - - [02/Feb/2023:20:33:39 +0400] "-" 408 -
::1 - - [02/Feb/2023:20:34:39 +0400] "-" 408 -
::1 - - [02/Feb/2023:20:35:39 +0400] "-" 408 -
::1 - - [02/Feb/2023:20:36:39 +0400] "-" 408 -
::1 - - [02/Feb/2023:20:37:24 +0400] "GET / HTTP/1.1" 200 1336
::1 - - [02/Feb/2023:20:38:24 +0400] "-" 408 -
::1 - - [02/Feb/2023:20:39:24 +0400] "-" 408 -
::1 - - [02/Feb/2023:20:40:24 +0400] "-" 408 -
::1 - - [02/Feb/2023:20:41:24 +0400] "-" 408 -
::1 - - [02/Feb/2023:20:42:15 +0400] "GET / HTTP/1.1" 200 1697
::1 - - [02/Feb/2023:20:43:15 +0400] "-" 408 -
::1 - - [02/Feb/2023:20:44:15 +0400] "-" 408 -
::1 - - [02/Feb/2023:20:45:15 +0400] "-" 408 -
::1 - - [02/Feb/2023:20:56:06 +0400] "GET / HTTP/1.1" 200 1875
::1 - - [02/Feb/2023:20:57:07 +0400] "-" 408 -
::1 - - [02/Feb/2023:20:58:07 +0400] "-" 408 -
::1 - - [02/Feb/2023:20:59:07 +0400] "-" 408 -
::1 - - [02/Feb/2023:21:00:07 +0400] "-" 408 -
::1 - - [02/Feb/2023:21:01:07 +0400] "-" 408 -
::1 - - [02/Feb/2023:21:02:07 +0400] "-" 408 -
::1 - - [02/Feb/2023:21:03:07 +0400] "-" 408 -
::1 - - [02/Feb/2023:21:04:07 +0400] "-" 408 -
::1 - - [02/Feb/2023:21:05:07 +0400] "-" 408 -
::1 - - [02/Feb/2023:21:05:30 +0400] "GET /home HTTP/1.1" 404 196
::1 - - [02/Feb/2023:21:06:30 +0400] "-" 408 -
::1 - - [02/Feb/2023:21:07:30 +0400] "-" 408 -
::1 - - [02/Feb/2023:21:08:30 +0400] "-" 408 -
::1 - - [02/Feb/2023:21:09:30 +0400] "-" 408 -
::1 - - [02/Feb/2023:21:10:30 +0400] "-" 408 -
::1 - - [02/Feb/2023:21:11:30 +0400] "-" 408 -
::1 - - [02/Feb/2023:21:12:30 +0400] "-" 408 -
::1 - - [02/Feb/2023:21:13:30 +0400] "-" 408 -
::1 - - [02/Feb/2023:21:14:30 +0400] "-" 408 -
::1 - - [02/Feb/2023:21:15:31 +0400] "-" 408 -
::1 - - [02/Feb/2023:21:16:31 +0400] "-" 408 -
::1 - - [02/Feb/2023:21:17:31 +0400] "-" 408 -
::1 - - [02/Feb/2023:21:18:31 +0400] "-" 408 -
::1 - - [02/Feb/2023:21:19:13 +0400] "GET / HTTP/1.1" 200 1879
::1 - - [02/Feb/2023:21:19:16 +0400] "GET /index.php?page=1 HTTP/1.1" 200 1879
::1 - - [02/Feb/2023:21:19:17 +0400] "GET /index.php?page=2 HTTP/1.1" 200 1881
::1 - - [02/Feb/2023:21:19:19 +0400] "GET /index.php?page=3 HTTP/1.1" 200 1882
::1 - - [02/Feb/2023:21:19:21 +0400] "GET /index.php?page=4 HTTP/1.1" 200 2006
::1 - - [02/Feb/2023:21:20:21 +0400] "-" 408 -
::1 - - [02/Feb/2023:21:21:21 +0400] "-" 408 -
::1 - - [02/Feb/2023:21:21:45 +0400] "GET /index.php?page=3 HTTP/1.1" 200 1882
::1 - - [02/Feb/2023:21:21:46 +0400] "GET /index.php?page=2 HTTP/1.1" 200 1881
::1 - - [02/Feb/2023:21:21:47 +0400] "GET /index.php?page=1 HTTP/1.1" 200 1879
::1 - - [02/Feb/2023:21:21:50 +0400] "GET /index.php?page=4 HTTP/1.1" 200 2006
::1 - - [02/Feb/2023:21:22:50 +0400] "-" 408 -
::1 - - [02/Feb/2023:21:23:02 +0400] "GET /index.php?page=4 HTTP/1.1" 200 1887
::1 - - [02/Feb/2023:21:23:42 +0400] "GET /index.php?page=5 HTTP/1.1" 200 1894
::1 - - [02/Feb/2023:21:23:51 +0400] "GET /index.php?page=3 HTTP/1.1" 200 1882
::1 - - [02/Feb/2023:21:24:51 +0400] "-" 408 -
::1 - - [02/Feb/2023:21:25:51 +0400] "-" 408 -
::1 - - [02/Feb/2023:21:26:51 +0400] "-" 408 -
::1 - - [02/Feb/2023:21:27:51 +0400] "-" 408 -
::1 - - [02/Feb/2023:21:28:51 +0400] "-" 408 -
::1 - - [02/Feb/2023:21:29:51 +0400] "-" 408 -
::1 - - [02/Feb/2023:21:30:51 +0400] "-" 408 -
::1 - - [02/Feb/2023:21:31:51 +0400] "-" 408 -
::1 - - [02/Feb/2023:21:32:51 +0400] "-" 408 -
::1 - - [02/Feb/2023:21:33:51 +0400] "-" 408 -
::1 - - [02/Feb/2023:21:34:51 +0400] "-" 408 -
::1 - - [02/Feb/2023:21:35:51 +0400] "-" 408 -
::1 - - [02/Feb/2023:21:36:51 +0400] "-" 408 -
::1 - - [02/Feb/2023:21:37:51 +0400] "-" 408 -
::1 - - [02/Feb/2023:21:38:51 +0400] "-" 408 -
::1 - - [02/Feb/2023:21:39:51 +0400] "-" 408 -
::1 - - [02/Feb/2023:21:40:51 +0400] "-" 408 -
::1 - - [02/Feb/2023:21:41:51 +0400] "-" 408 -
::1 - - [02/Feb/2023:21:42:51 +0400] "-" 408 -
::1 - - [02/Feb/2023:21:43:51 +0400] "-" 408 -
::1 - - [02/Feb/2023:21:44:51 +0400] "-" 408 -
::1 - - [02/Feb/2023:21:45:51 +0400] "-" 408 -
::1 - - [02/Feb/2023:21:46:51 +0400] "-" 408 -
::1 - - [02/Feb/2023:21:47:37 +0400] "GET /index.php?page=4 HTTP/1.1" 200 2759
::1 - - [02/Feb/2023:21:47:58 +0400] "POST /index.php?page=4 HTTP/1.1" 200 2759
::1 - - [02/Feb/2023:21:48:25 +0400] "POST /index.php?page=4 HTTP/1.1" 200 2759
::1 - - [02/Feb/2023:21:49:25 +0400] "-" 408 -
::1 - - [02/Feb/2023:21:49:31 +0400] "POST /index.php?page=4 HTTP/1.1" 200 1903
::1 - - [02/Feb/2023:21:50:31 +0400] "-" 408 -
::1 - - [02/Feb/2023:21:51:31 +0400] "-" 408 -
::1 - - [02/Feb/2023:21:52:31 +0400] "-" 408 -
::1 - - [02/Feb/2023:21:53:32 +0400] "-" 408 -
::1 - - [02/Feb/2023:21:54:32 +0400] "-" 408 -
::1 - - [02/Feb/2023:21:55:32 +0400] "-" 408 -
::1 - - [02/Feb/2023:21:56:32 +0400] "-" 408 -
::1 - - [02/Feb/2023:21:57:32 +0400] "-" 408 -
::1 - - [02/Feb/2023:21:58:32 +0400] "-" 408 -
::1 - - [02/Feb/2023:21:59:32 +0400] "-" 408 -
::1 - - [02/Feb/2023:22:00:32 +0400] "-" 408 -
::1 - - [02/Feb/2023:22:01:32 +0400] "-" 408 -
::1 - - [02/Feb/2023:22:02:32 +0400] "-" 408 -
::1 - - [02/Feb/2023:22:03:32 +0400] "-" 408 -
::1 - - [02/Feb/2023:22:04:32 +0400] "-" 408 -
::1 - - [02/Feb/2023:22:05:32 +0400] "-" 408 -
::1 - - [02/Feb/2023:22:06:32 +0400] "-" 408 -
::1 - - [02/Feb/2023:22:07:32 +0400] "-" 408 -
::1 - - [02/Feb/2023:22:08:32 +0400] "-" 408 -
::1 - - [02/Feb/2023:22:09:32 +0400] "-" 408 -
::1 - - [02/Feb/2023:22:10:32 +0400] "-" 408 -
::1 - - [02/Feb/2023:22:10:35 +0400] "POST /index.php?page=4 HTTP/1.1" 200 1961
::1 - - [02/Feb/2023:22:10:54 +0400] "GET /index.php?page=1 HTTP/1.1" 200 1937
::1 - - [02/Feb/2023:22:10:55 +0400] "GET /index.php?page=2 HTTP/1.1" 200 1939
::1 - - [02/Feb/2023:22:10:56 +0400] "GET /index.php?page=3 HTTP/1.1" 200 1940
::1 - - [02/Feb/2023:22:11:57 +0400] "-" 408 -
::1 - - [02/Feb/2023:22:12:57 +0400] "-" 408 -
::1 - - [02/Feb/2023:22:13:57 +0400] "-" 408 -
::1 - - [02/Feb/2023:22:14:57 +0400] "-" 408 -
::1 - - [02/Feb/2023:22:15:57 +0400] "-" 408 -
::1 - - [02/Feb/2023:22:16:57 +0400] "-" 408 -
::1 - - [02/Feb/2023:22:17:57 +0400] "-" 408 -
::1 - - [02/Feb/2023:22:18:57 +0400] "-" 408 -
::1 - - [02/Feb/2023:22:19:57 +0400] "-" 408 -
::1 - - [02/Feb/2023:22:20:57 +0400] "-" 408 -
::1 - - [02/Feb/2023:22:21:57 +0400] "-" 408 -
::1 - - [02/Feb/2023:22:22:57 +0400] "-" 408 -
::1 - - [02/Feb/2023:22:23:57 +0400] "-" 408 -
::1 - - [02/Feb/2023:22:24:57 +0400] "-" 408 -
::1 - - [02/Feb/2023:22:25:57 +0400] "-" 408 -
::1 - - [02/Feb/2023:22:26:57 +0400] "-" 408 -
::1 - - [02/Feb/2023:22:27:57 +0400] "-" 408 -
::1 - - [02/Feb/2023:22:28:57 +0400] "-" 408 -
::1 - - [02/Feb/2023:22:29:57 +0400] "-" 408 -
::1 - - [02/Feb/2023:22:30:57 +0400] "-" 408 -
::1 - - [02/Feb/2023:22:31:57 +0400] "-" 408 -
::1 - - [02/Feb/2023:22:32:57 +0400] "-" 408 -
::1 - - [02/Feb/2023:22:33:57 +0400] "-" 408 -
::1 - - [02/Feb/2023:22:34:57 +0400] "-" 408 -
::1 - - [02/Feb/2023:22:35:57 +0400] "-" 408 -
::1 - - [02/Feb/2023:22:36:57 +0400] "-" 408 -
::1 - - [02/Feb/2023:22:37:57 +0400] "-" 408 -
::1 - - [02/Feb/2023:22:38:57 +0400] "-" 408 -
::1 - - [02/Feb/2023:22:39:57 +0400] "-" 408 -
::1 - - [03/Feb/2023:19:31:26 +0400] "GET /favicon.ico HTTP/1.1" 404 196
::1 - - [05/Feb/2023:20:01:03 +0400] "GET / HTTP/1.1" 200 1935
::1 - - [05/Feb/2023:20:01:05 +0400] "GET /favicon.ico HTTP/1.1" 404 196
::1 - - [05/Feb/2023:20:01:08 +0400] "GET /index.php?page=4 HTTP/1.1" 200 2861
::1 - - [05/Feb/2023:20:01:26 +0400] "POST /index.php?page=4 HTTP/1.1" 200 1969
::1 - - [05/Feb/2023:20:01:32 +0400] "GET /index.php?page=4 HTTP/1.1" 200 2861
::1 - - [05/Feb/2023:20:01:47 +0400] "POST /index.php?page=4 HTTP/1.1" 200 1992
::1 - - [05/Feb/2023:20:02:20 +0400] "GET /index.php?page=4 HTTP/1.1" 200 2861
::1 - - [05/Feb/2023:20:02:47 +0400] "POST /index.php?page=4 HTTP/1.1" 200 1969
::1 - - [05/Feb/2023:20:24:37 +0400] "GET /index.php?page=2 HTTP/1.1" 200 2526
::1 - - [05/Feb/2023:20:25:01 +0400] "POST /index.php?page=2 HTTP/1.1" 200 1963
::1 - - [05/Feb/2023:20:29:45 +0400] "GET /index.php?page=2 HTTP/1.1" 200 2526
::1 - - [05/Feb/2023:20:30:47 +0400] "POST /index.php?page=2 HTTP/1.1" 200 1963
::1 - - [05/Feb/2023:20:42:04 +0400] "GET /index.php?page=2 HTTP/1.1" 200 2526
::1 - - [05/Feb/2023:20:42:14 +0400] "POST /index.php?page=2 HTTP/1.1" 200 1963
::1 - - [05/Feb/2023:21:09:44 +0400] "GET /index.php?page=3 HTTP/1.1" 200 2042
::1 - - [05/Feb/2023:21:09:44 +0400] "GET /images/i.webp HTTP/1.1" 200 25424
::1 - - [05/Feb/2023:21:16:55 +0400] "GET /index.php?page=3 HTTP/1.1" 200 2528
::1 - - [05/Feb/2023:21:16:55 +0400] "GET /images/i.webp HTTP/1.1" 304 -
::1 - - [05/Feb/2023:21:17:30 +0400] "GET /index.php?page=3 HTTP/1.1" 200 2121
::1 - - [05/Feb/2023:21:22:48 +0400] "GET /index.php?page=3 HTTP/1.1" 200 2121
::1 - - [05/Feb/2023:21:22:49 +0400] "GET /images/i.webp HTTP/1.1" 304 -
::1 - - [05/Feb/2023:21:22:51 +0400] "GET /index.php?page=3 HTTP/1.1" 200 2121
::1 - - [05/Feb/2023:21:22:54 +0400] "GET /index.php?page=3 HTTP/1.1" 200 2121
::1 - - [05/Feb/2023:21:23:23 +0400] "GET /index.php?page=3 HTTP/1.1" 200 2149
::1 - - [05/Feb/2023:21:23:37 +0400] "GET /index.php?page=3 HTTP/1.1" 200 2149
::1 - - [05/Feb/2023:21:33:19 +0400] "GET /index.php?page=3 HTTP/1.1" 200 2127
::1 - - [05/Feb/2023:21:33:19 +0400] "GET /images/IMG_1049.JPG HTTP/1.1" 200 1164507
::1 - - [05/Feb/2023:21:33:19 +0400] "GET /images/i.webp HTTP/1.1" 304 -
::1 - - [05/Feb/2023:21:59:31 +0400] "GET /index.php?page=1 HTTP/1.1" 200 1935
::1 - - [05/Feb/2023:21:59:32 +0400] "GET /index.php?page=2 HTTP/1.1" 200 2526
::1 - - [05/Feb/2023:21:59:37 +0400] "GET /index.php?page=3 HTTP/1.1" 200 2127
::1 - - [05/Feb/2023:21:59:38 +0400] "GET /images/IMG_1049.JPG HTTP/1.1" 304 -
::1 - - [05/Feb/2023:21:59:38 +0400] "GET /images/i.webp HTTP/1.1" 304 -
::1 - - [05/Feb/2023:21:59:43 +0400] "GET /index.php?page=4 HTTP/1.1" 200 2861
::1 - - [05/Feb/2023:21:59:59 +0400] "POST /index.php?page=4 HTTP/1.1" 200 1992
::1 - - [05/Feb/2023:22:04:29 +0400] "GET /index.php?page=1 HTTP/1.1" 200 1935
::1 - - [05/Feb/2023:22:04:30 +0400] "GET /index.php?page=2 HTTP/1.1" 200 2526
::1 - - [05/Feb/2023:22:04:32 +0400] "GET /index.php?page=3 HTTP/1.1" 200 2127
::1 - - [05/Feb/2023:22:04:48 +0400] "GET /index.php?page=4 HTTP/1.1" 200 2861
::1 - - [08/Feb/2023:15:09:39 +0400] "GET /favicon.ico HTTP/1.1" 404 196
::1 - - [10/Feb/2023:20:41:46 +0400] "GET /favicon.ico HTTP/1.1" 404 196
::1 - - [11/Feb/2023:21:21:33 +0400] "GET / HTTP/1.1" 200 1935
::1 - - [11/Feb/2023:21:21:34 +0400] "GET /favicon.ico HTTP/1.1" 404 196
::1 - - [11/Feb/2023:21:22:13 +0400] "GET /point HTTP/1.1" 404 196
::1 - - [11/Feb/2023:21:22:34 +0400] "GET /point HTTP/1.1" 404 196
::1 - - [11/Feb/2023:21:22:50 +0400] "GET /point.php HTTP/1.1" 200 197
::1 - - [11/Feb/2023:21:23:18 +0400] "GET /point.php HTTP/1.1" 200 127
::1 - - [11/Feb/2023:21:23:41 +0400] "GET /point.php HTTP/1.1" 200 526
::1 - - [11/Feb/2023:21:25:36 +0400] "GET /point.php HTTP/1.1" 200 329
::1 - - [11/Feb/2023:21:26:10 +0400] "GET /point.php HTTP/1.1" 200 12
::1 - - [11/Feb/2023:21:27:31 +0400] "GET /point.php HTTP/1.1" 200 31
::1 - - [11/Feb/2023:21:28:18 +0400] "GET /point.php HTTP/1.1" 200 46
::1 - - [11/Feb/2023:21:29:08 +0400] "GET /point.php HTTP/1.1" 200 56
::1 - - [11/Feb/2023:21:30:21 +0400] "GET /point.php HTTP/1.1" 200 70
::1 - - [11/Feb/2023:21:33:05 +0400] "GET /point.php HTTP/1.1" 200 67
::1 - - [11/Feb/2023:21:33:45 +0400] "GET /point.php HTTP/1.1" 200 67
::1 - - [11/Feb/2023:21:34:24 +0400] "GET /point.php HTTP/1.1" 200 67
::1 - - [12/Feb/2023:14:05:12 +0400] "GET /figuresExample.php HTTP/1.1" 200 198
::1 - - [12/Feb/2023:14:16:49 +0400] "GET /figuresExample.php HTTP/1.1" 200 198
::1 - - [12/Feb/2023:14:16:50 +0400] "GET /figuresExample.php HTTP/1.1" 200 198
::1 - - [12/Feb/2023:14:17:43 +0400] "GET /figuresExample.php HTTP/1.1" 200 198
::1 - - [12/Feb/2023:14:17:45 +0400] "GET /figuresExample.php HTTP/1.1" 200 198
::1 - - [12/Feb/2023:14:17:46 +0400] "GET /figuresExample.php HTTP/1.1" 200 198
::1 - - [12/Feb/2023:14:17:46 +0400] "GET /figuresExample.php HTTP/1.1" 200 198
::1 - - [12/Feb/2023:14:17:59 +0400] "GET /figuresExample.php HTTP/1.1" 200 198
::1 - - [12/Feb/2023:19:45:04 +0400] "GET /figuresExample.php HTTP/1.1" 200 1
::1 - - [12/Feb/2023:21:27:05 +0400] "GET /favicon.ico HTTP/1.1" 404 196
::1 - - [12/Feb/2023:21:27:20 +0400] "GET /table_test.php HTTP/1.1" 200 224
::1 - - [12/Feb/2023:21:28:35 +0400] "GET /table_test.php HTTP/1.1" 200 224
::1 - - [12/Feb/2023:21:29:44 +0400] "GET /table_test.php HTTP/1.1" 200 224
::1 - - [12/Feb/2023:21:32:04 +0400] "GET /table_test.php HTTP/1.1" 200 224
::1 - - [12/Feb/2023:21:32:08 +0400] "GET /table_test.php HTTP/1.1" 200 224
::1 - - [12/Feb/2023:21:35:51 +0400] "GET /table_test.php HTTP/1.1" 200 224
::1 - - [12/Feb/2023:21:35:54 +0400] "GET /table_test.php HTTP/1.1" 200 224
::1 - - [12/Feb/2023:21:35:57 +0400] "GET /table_test.php HTTP/1.1" 200 224
::1 - - [12/Feb/2023:21:39:57 +0400] "GET /table_test.php HTTP/1.1" 200 224
::1 - - [12/Feb/2023:21:42:52 +0400] "GET /table_test.php HTTP/1.1" 200 58
::1 - - [12/Feb/2023:21:53:37 +0400] "GET /table_test.php HTTP/1.1" 200 511
::1 - - [12/Feb/2023:21:54:19 +0400] "GET /table_test.php HTTP/1.1" 200 398
::1 - - [12/Feb/2023:21:55:55 +0400] "GET /table_test.php HTTP/1.1" 200 511
::1 - - [12/Feb/2023:21:57:29 +0400] "GET /table_test.php HTTP/1.1" 200 398
::1 - - [12/Feb/2023:22:00:27 +0400] "GET /table_test.php HTTP/1.1" 200 395
::1 - - [12/Feb/2023:22:00:30 +0400] "GET /table_test.php HTTP/1.1" 200 395
::1 - - [12/Feb/2023:22:01:58 +0400] "GET /table_test.php HTTP/1.1" 200 58
::1 - - [13/Feb/2023:07:54:53 +0400] "GET /figures_example.php HTTP/1.1" 404 196
::1 - - [13/Feb/2023:07:55:14 +0400] "GET /figures_example.php HTTP/1.1" 404 196
::1 - - [13/Feb/2023:07:55:17 +0400] "GET /figures_example.php HTTP/1.1" 404 196
::1 - - [13/Feb/2023:07:55:18 +0400] "GET /figures_example.php HTTP/1.1" 404 196
::1 - - [13/Feb/2023:07:55:19 +0400] "GET /figures_example.php HTTP/1.1" 404 196
::1 - - [13/Feb/2023:07:55:34 +0400] "GET /figuresExample.php HTTP/1.1" 200 3
::1 - - [13/Feb/2023:07:56:59 +0400] "GET /figuresExample.php HTTP/1.1" 200 7
::1 - - [13/Feb/2023:09:05:54 +0400] "GET /figuresExample.php HTTP/1.1" 200 249
::1 - - [13/Feb/2023:09:06:24 +0400] "GET /figuresExample.php HTTP/1.1" 200 19
::1 - - [15/Feb/2023:20:39:20 +0400] "GET /Figures.php HTTP/1.1" 200 359
::1 - - [16/Feb/2023:19:58:56 +0400] "GET /Table_test.php HTTP/1.1" 200 58
::1 - - [16/Feb/2023:21:27:09 +0400] "GET /DbService.php HTTP/1.1" 200 762
::1 - - [16/Feb/2023:21:28:40 +0400] "GET /DbService.php HTTP/1.1" 200 164
::1 - - [16/Feb/2023:21:29:24 +0400] "GET /DbService.php HTTP/1.1" 200 -
::1 - - [16/Feb/2023:21:29:28 +0400] "GET /DbService.php HTTP/1.1" 200 -
::1 - - [16/Feb/2023:21:54:02 +0400] "GET /DbService.php HTTP/1.1" 200 -
::1 - - [17/Feb/2023:18:57:56 +0400] "GET /Resort.php HTTP/1.1" 200 202
::1 - - [17/Feb/2023:19:37:25 +0400] "GET /Resort.php HTTP/1.1" 200 202
::1 - - [17/Feb/2023:19:37:26 +0400] "GET /Resort.php HTTP/1.1" 200 202
::1 - - [17/Feb/2023:19:37:27 +0400] "GET /Resort.php HTTP/1.1" 200 202
::1 - - [17/Feb/2023:19:41:38 +0400] "GET /Resort.php HTTP/1.1" 200 667
::1 - - [17/Feb/2023:21:40:22 +0400] "GET /Resort.php HTTP/1.1" 200 487
::1 - - [17/Feb/2023:21:40:34 +0400] "GET /Resort.php HTTP/1.1" 200 487
::1 - - [17/Feb/2023:21:42:14 +0400] "GET /Resort.php HTTP/1.1" 200 487
::1 - - [17/Feb/2023:21:45:35 +0400] "GET /Resort.php HTTP/1.1" 200 487
::1 - - [17/Feb/2023:21:45:36 +0400] "GET /Resort.php HTTP/1.1" 200 487
::1 - - [17/Feb/2023:21:49:48 +0400] "GET /Resort.php HTTP/1.1" 200 487
::1 - - [17/Feb/2023:21:49:51 +0400] "GET /Resort.php HTTP/1.1" 200 487
::1 - - [17/Feb/2023:21:52:20 +0400] "GET /Resort.php HTTP/1.1" 200 487
::1 - - [17/Feb/2023:21:52:47 +0400] "GET /Resort.php HTTP/1.1" 200 487
::1 - - [17/Feb/2023:21:52:50 +0400] "GET /Resort.php HTTP/1.1" 200 487
::1 - - [17/Feb/2023:21:52:50 +0400] "GET /Resort.php HTTP/1.1" 200 487
::1 - - [17/Feb/2023:21:52:51 +0400] "GET /Resort.php HTTP/1.1" 200 487
::1 - - [17/Feb/2023:22:15:25 +0400] "GET /Resort.php HTTP/1.1" 200 -
::1 - - [18/Feb/2023:17:47:18 +0400] "GET /Resort.php HTTP/1.1" 200 124
::1 - - [18/Feb/2023:18:01:57 +0400] "GET /Resort.php HTTP/1.1" 200 552
::1 - - [18/Feb/2023:18:03:28 +0400] "GET /Resort.php HTTP/1.1" 200 212
::1 - - [18/Feb/2023:18:12:04 +0400] "GET /Resort.php HTTP/1.1" 200 210
::1 - - [18/Feb/2023:18:12:05 +0400] "GET /favicon.ico HTTP/1.1" 404 196
::1 - - [18/Feb/2023:18:29:32 +0400] "GET /Resort.php HTTP/1.1" 200 246
::1 - - [18/Feb/2023:18:30:21 +0400] "GET /Resort.php HTTP/1.1" 200 224
::1 - - [19/Feb/2023:20:51:56 +0400] "GET /favicon.ico HTTP/1.1" 404 196
::1 - - [19/Feb/2023:20:52:06 +0400] "GET /index.php HTTP/1.1" 200 2377
::1 - - [19/Feb/2023:21:04:05 +0400] "GET /index.php HTTP/1.1" 200 2196
::1 - - [19/Feb/2023:21:05:15 +0400] "GET /index.php HTTP/1.1" 200 1846
::1 - - [19/Feb/2023:21:05:19 +0400] "GET /index.php?page=1 HTTP/1.1" 200 1846
::1 - - [19/Feb/2023:21:09:25 +0400] "GET /index.php?page=1 HTTP/1.1" 200 1938
::1 - - [19/Feb/2023:21:10:31 +0400] "GET /index.php?page=1 HTTP/1.1" 200 1938
::1 - - [19/Feb/2023:21:10:33 +0400] "GET /index.php?page=1 HTTP/1.1" 200 1938
::1 - - [19/Feb/2023:21:11:19 +0400] "GET /index.php?page=1 HTTP/1.1" 200 1938
::1 - - [19/Feb/2023:21:16:21 +0400] "GET /index.php?page=4 HTTP/1.1" 200 2190
::1 - - [19/Feb/2023:21:19:12 +0400] "GET /index.php?page=4 HTTP/1.1" 200 1753
::1 - - [19/Feb/2023:22:12:18 +0400] "GET /index.php?page=4 HTTP/1.1" 200 3042
::1 - - [19/Feb/2023:22:14:38 +0400] "POST / HTTP/1.1" 200 1938
::1 - - [19/Feb/2023:22:14:43 +0400] "POST / HTTP/1.1" 200 1938
::1 - - [19/Feb/2023:22:14:46 +0400] "GET /index.php?page=4 HTTP/1.1" 200 3079
::1 - - [21/Feb/2023:20:02:01 +0400] "GET /index.php?page=4 HTTP/1.1" 200 2558
::1 - - [21/Feb/2023:20:02:16 +0400] "GET /index.php?page=1 HTTP/1.1" 200 1938
::1 - - [21/Feb/2023:20:02:18 +0400] "GET /index.php?page=2 HTTP/1.1" 200 1938
::1 - - [21/Feb/2023:20:02:20 +0400] "GET /index.php?page=3 HTTP/1.1" 200 1938
::1 - - [21/Feb/2023:20:02:22 +0400] "GET /index.php?page=4 HTTP/1.1" 200 2558
::1 - - [21/Feb/2023:20:03:23 +0400] "GET /index.php?page=4 HTTP/1.1" 200 2558
::1 - - [21/Feb/2023:20:09:59 +0400] "GET /index.php?page=4 HTTP/1.1" 200 2558
::1 - - [21/Feb/2023:20:10:02 +0400] "GET /index.php?page=4 HTTP/1.1" 200 2558
::1 - - [21/Feb/2023:20:10:03 +0400] "GET /index.php?page=1 HTTP/1.1" 200 1938
::1 - - [21/Feb/2023:20:10:05 +0400] "GET /index.php?page=2 HTTP/1.1" 200 1938
::1 - - [21/Feb/2023:20:10:06 +0400] "GET /index.php?page=3 HTTP/1.1" 200 1938
::1 - - [21/Feb/2023:20:10:09 +0400] "GET /index.php?page=3 HTTP/1.1" 200 1938
::1 - - [21/Feb/2023:20:10:10 +0400] "GET /index.php?page=4 HTTP/1.1" 200 2558
::1 - - [21/Feb/2023:20:16:36 +0400] "GET /index.php?page=4 HTTP/1.1" 200 2785
::1 - - [21/Feb/2023:20:19:49 +0400] "GET /index.php?page=4 HTTP/1.1" 200 3565
::1 - - [21/Feb/2023:20:20:12 +0400] "POST / HTTP/1.1" 200 1938
::1 - - [21/Feb/2023:20:20:20 +0400] "GET /index.php?page=1 HTTP/1.1" 200 1938
::1 - - [21/Feb/2023:20:20:22 +0400] "GET /index.php?page=2 HTTP/1.1" 200 1938
::1 - - [21/Feb/2023:20:20:23 +0400] "GET /index.php?page=3 HTTP/1.1" 200 1938
::1 - - [21/Feb/2023:20:20:24 +0400] "GET /index.php?page=4 HTTP/1.1" 200 3565
::1 - - [21/Feb/2023:20:24:09 +0400] "GET /index.php?page=4 HTTP/1.1" 200 3567
::1 - - [21/Feb/2023:20:24:12 +0400] "GET /index.php?page=4 HTTP/1.1" 200 3567
::1 - - [21/Feb/2023:20:24:22 +0400] "POST / HTTP/1.1" 200 1938
::1 - - [21/Feb/2023:20:24:28 +0400] "GET /index.php?page=1 HTTP/1.1" 200 1938
::1 - - [21/Feb/2023:20:24:29 +0400] "GET /index.php?page=2 HTTP/1.1" 200 1938
::1 - - [21/Feb/2023:20:24:30 +0400] "GET /index.php?page=3 HTTP/1.1" 200 1938
::1 - - [21/Feb/2023:20:24:31 +0400] "GET /index.php?page=4 HTTP/1.1" 200 3567
::1 - - [21/Feb/2023:20:25:08 +0400] "GET /index.php?page=4 HTTP/1.1" 200 3567
::1 - - [21/Feb/2023:20:25:09 +0400] "GET /index.php?page=4 HTTP/1.1" 200 3567
::1 - - [21/Feb/2023:20:25:11 +0400] "GET /index.php?page=2 HTTP/1.1" 200 1938
::1 - - [21/Feb/2023:20:25:13 +0400] "GET /index.php?page=3 HTTP/1.1" 200 1938
::1 - - [21/Feb/2023:20:25:14 +0400] "GET /index.php?page=1 HTTP/1.1" 200 1938
::1 - - [21/Feb/2023:20:25:15 +0400] "GET /index.php?page=4 HTTP/1.1" 200 3567
::1 - - [21/Feb/2023:20:26:49 +0400] "GET /index.php?page=4 HTTP/1.1" 200 3567
::1 - - [21/Feb/2023:20:26:51 +0400] "GET /index.php?page=4 HTTP/1.1" 200 3567
::1 - - [21/Feb/2023:20:26:56 +0400] "POST / HTTP/1.1" 200 1938
::1 - - [21/Feb/2023:20:26:59 +0400] "GET /index.php?page=4 HTTP/1.1" 200 3567
::1 - - [21/Feb/2023:20:28:40 +0400] "GET /index.php?page=4 HTTP/1.1" 200 3574
::1 - - [21/Feb/2023:20:28:45 +0400] "POST /?page=4 HTTP/1.1" 200 3551
::1 - - [21/Feb/2023:20:29:11 +0400] "POST /?page=4 HTTP/1.1" 200 3508
::1 - - [21/Feb/2023:20:29:44 +0400] "POST /?page=4 HTTP/1.1" 200 3551
::1 - - [21/Feb/2023:20:30:34 +0400] "POST /?page=4 HTTP/1.1" 200 3574
::1 - - [21/Feb/2023:20:30:53 +0400] "GET /index.php?page=4 HTTP/1.1" 200 3725
::1 - - [21/Feb/2023:20:31:10 +0400] "POST /?page=4 HTTP/1.1" 302 3725
::1 - - [21/Feb/2023:20:31:10 +0400] "GET /?page=4 HTTP/1.1" 200 3864
::1 - - [21/Feb/2023:20:31:47 +0400] "POST /?page=4 HTTP/1.1" 302 3864
::1 - - [21/Feb/2023:20:31:47 +0400] "GET /?page=4 HTTP/1.1" 200 4017
::1 - - [21/Feb/2023:20:33:05 +0400] "GET /?page=4 HTTP/1.1" 200 4031
::1 - - [21/Feb/2023:20:33:09 +0400] "POST /?page=4 HTTP/1.1" 302 4031
::1 - - [21/Feb/2023:20:33:09 +0400] "GET /?page=4 HTTP/1.1" 200 4170
::1 - - [21/Feb/2023:20:33:17 +0400] "GET /?page=4 HTTP/1.1" 200 4170
::1 - - [21/Feb/2023:20:33:19 +0400] "GET /?page=4 HTTP/1.1" 200 4170
::1 - - [21/Feb/2023:20:33:21 +0400] "POST /?page=4 HTTP/1.1" 302 4170
::1 - - [21/Feb/2023:20:33:21 +0400] "GET /?page=4 HTTP/1.1" 200 4309
::1 - - [21/Feb/2023:20:33:42 +0400] "GET /?page=4 HTTP/1.1" 200 4309
::1 - - [21/Feb/2023:20:33:43 +0400] "POST /?page=4 HTTP/1.1" 302 4309
::1 - - [21/Feb/2023:20:33:43 +0400] "GET /?page=4 HTTP/1.1" 200 4448
::1 - - [21/Feb/2023:20:36:48 +0400] "GET /?page=4 HTTP/1.1" 200 4448
::1 - - [21/Feb/2023:20:36:50 +0400] "POST /?page=4 HTTP/1.1" 200 4448
::1 - - [21/Feb/2023:20:36:51 +0400] "POST /?page=4 HTTP/1.1" 200 4448
::1 - - [21/Feb/2023:20:36:52 +0400] "POST /?page=4 HTTP/1.1" 200 4448
::1 - - [21/Feb/2023:20:40:45 +0400] "POST /?page=4 HTTP/1.1" 200 4448
::1 - - [21/Feb/2023:20:50:25 +0400] "POST /?page=4 HTTP/1.1" 200 4536
::1 - - [21/Feb/2023:20:50:36 +0400] "POST / HTTP/1.1" 200 1938
::1 - - [21/Feb/2023:20:50:39 +0400] "GET /index.php?page=4 HTTP/1.1" 200 4536
::1 - - [21/Feb/2023:21:13:12 +0400] "GET /index.php?page=4 HTTP/1.1" 200 4532
::1 - - [21/Feb/2023:21:13:14 +0400] "GET /index.php?page=4 HTTP/1.1" 200 4532
::1 - - [21/Feb/2023:21:13:21 +0400] "POST / HTTP/1.1" 200 1938
::1 - - [21/Feb/2023:21:13:25 +0400] "GET /index.php?page=4 HTTP/1.1" 200 4532
::1 - - [21/Feb/2023:21:14:48 +0400] "GET /index.php?page=4 HTTP/1.1" 200 4532
::1 - - [21/Feb/2023:21:14:50 +0400] "GET /index.php?page=4 HTTP/1.1" 200 4532
::1 - - [21/Feb/2023:21:14:59 +0400] "POST / HTTP/1.1" 200 1938
::1 - - [21/Feb/2023:21:15:01 +0400] "GET /index.php?page=4 HTTP/1.1" 200 4532
::1 - - [21/Feb/2023:21:16:42 +0400] "GET /index.php?page=4 HTTP/1.1" 200 3604
::1 - - [21/Feb/2023:21:17:16 +0400] "GET /index.php?page=4 HTTP/1.1" 200 3604
::1 - - [21/Feb/2023:21:17:21 +0400] "POST / HTTP/1.1" 200 1938
::1 - - [21/Feb/2023:21:17:25 +0400] "GET /index.php?page=4 HTTP/1.1" 200 3604
::1 - - [21/Feb/2023:21:18:07 +0400] "GET /index.php?page=4 HTTP/1.1" 200 4532
::1 - - [21/Feb/2023:21:18:12 +0400] "GET /index.php?page=4 HTTP/1.1" 200 4532
::1 - - [21/Feb/2023:21:19:29 +0400] "GET /index.php?page=4 HTTP/1.1" 200 4532
::1 - - [21/Feb/2023:21:19:30 +0400] "GET /index.php?page=4 HTTP/1.1" 200 4532
::1 - - [21/Feb/2023:21:26:43 +0400] "GET /index.php?page=4 HTTP/1.1" 200 3589
::1 - - [21/Feb/2023:21:26:47 +0400] "POST / HTTP/1.1" 200 1938
::1 - - [21/Feb/2023:21:26:50 +0400] "GET /index.php?page=4 HTTP/1.1" 200 3589
::1 - - [21/Feb/2023:21:28:41 +0400] "POST / HTTP/1.1" 200 1938
::1 - - [21/Feb/2023:21:34:45 +0400] "POST / HTTP/1.1" 200 1938
::1 - - [21/Feb/2023:21:34:47 +0400] "GET /index.php?page=4 HTTP/1.1" 200 3320
::1 - - [21/Feb/2023:21:34:57 +0400] "POST / HTTP/1.1" 200 1938
::1 - - [21/Feb/2023:21:35:00 +0400] "GET /index.php?page=4 HTTP/1.1" 200 3320
::1 - - [21/Feb/2023:21:41:46 +0400] "POST / HTTP/1.1" 200 1938
::1 - - [21/Feb/2023:21:43:15 +0400] "GET /index.php?page=4 HTTP/1.1" 200 3327
::1 - - [21/Feb/2023:21:43:18 +0400] "POST /?page=4 HTTP/1.1" 302 3327
::1 - - [21/Feb/2023:21:43:18 +0400] "GET /?page=4 HTTP/1.1" 200 3321
::1 - - [21/Feb/2023:21:45:30 +0400] "POST /?page=4 HTTP/1.1" 302 3321
::1 - - [21/Feb/2023:21:45:30 +0400] "GET /?page=4 HTTP/1.1" 200 3315
::1 - - [21/Feb/2023:21:45:33 +0400] "POST /?page=4 HTTP/1.1" 302 3315
::1 - - [21/Feb/2023:21:45:33 +0400] "GET /?page=4 HTTP/1.1" 200 3309
::1 - - [21/Feb/2023:21:45:36 +0400] "POST /?page=4 HTTP/1.1" 302 3309
::1 - - [21/Feb/2023:21:45:36 +0400] "GET /?page=4 HTTP/1.1" 200 3303
::1 - - [21/Feb/2023:21:54:49 +0400] "GET /index.php?page=2 HTTP/1.1" 200 2231
::1 - - [21/Feb/2023:21:56:55 +0400] "GET /index.php?page=2 HTTP/1.1" 200 2231
::1 - - [21/Feb/2023:21:56:57 +0400] "GET /index.php?page=4 HTTP/1.1" 200 3303
::1 - - [21/Feb/2023:21:57:02 +0400] "GET /index.php?page=2 HTTP/1.1" 200 2231
::1 - - [21/Feb/2023:21:57:04 +0400] "GET /index.php?page=4 HTTP/1.1" 200 3303
::1 - - [21/Feb/2023:21:57:08 +0400] "GET /index.php?page=1 HTTP/1.1" 200 1938
::1 - - [21/Feb/2023:21:57:11 +0400] "GET /index.php?page=4 HTTP/1.1" 200 3303
::1 - - [21/Feb/2023:21:57:16 +0400] "GET /index.php?page=2 HTTP/1.1" 200 2231
::1 - - [21/Feb/2023:21:59:47 +0400] "GET /index.php?page=2 HTTP/1.1" 200 2487
::1 - - [21/Feb/2023:22:11:29 +0400] "GET /index.php?page=4 HTTP/1.1" 200 3303
::1 - - [21/Feb/2023:22:11:43 +0400] "POST /?page=4 HTTP/1.1" 302 3303
::1 - - [21/Feb/2023:22:11:43 +0400] "GET /?page=4 HTTP/1.1" 200 3324
::1 - - [21/Feb/2023:22:12:27 +0400] "POST /?page=4 HTTP/1.1" 302 3324
::1 - - [21/Feb/2023:22:12:27 +0400] "GET /?page=4 HTTP/1.1" 200 3345
::1 - - [21/Feb/2023:22:12:38 +0400] "POST /?page=4 HTTP/1.1" 302 3345
::1 - - [21/Feb/2023:22:12:38 +0400] "GET /?page=4 HTTP/1.1" 200 3364
::1 - - [21/Feb/2023:22:14:39 +0400] "GET /index.php?page=2 HTTP/1.1" 200 2548
::1 - - [21/Feb/2023:22:14:42 +0400] "GET /index.php?page=4 HTTP/1.1" 200 3364
::1 - - [27/Feb/2023:19:24:13 +0400] "GET /index.php HTTP/1.1" 200 1938
::1 - - [27/Feb/2023:19:24:23 +0400] "GET /index.php?page=4 HTTP/1.1" 200 3364
::1 - - [27/Feb/2023:19:28:50 +0400] "GET /index.php?page=4 HTTP/1.1" 200 3621
::1 - - [27/Feb/2023:19:29:32 +0400] "GET /index.php?page=4 HTTP/1.1" 200 3633
::1 - - [27/Feb/2023:19:33:10 +0400] "GET /index.php?page=4 HTTP/1.1" 200 4186
::1 - - [27/Feb/2023:19:49:46 +0400] "GET /index.php?page=4 HTTP/1.1" 200 4286
::1 - - [27/Feb/2023:19:52:56 +0400] "POST /?page=4 HTTP/1.1" 200 4728
::1 - - [27/Feb/2023:19:56:12 +0400] "POST /?page=4 HTTP/1.1" 200 4728
::1 - - [27/Feb/2023:19:59:44 +0400] "POST /?page=4 HTTP/1.1" 200 4666
::1 - - [27/Feb/2023:20:00:10 +0400] "POST /?page=4 HTTP/1.1" 200 4676
::1 - - [27/Feb/2023:20:07:04 +0400] "POST /?page=4 HTTP/1.1" 302 4368
::1 - - [27/Feb/2023:20:07:04 +0400] "GET /?page=4 HTTP/1.1" 200 4324
::1 - - [27/Feb/2023:20:07:22 +0400] "POST /?page=4 HTTP/1.1" 302 4324
::1 - - [27/Feb/2023:20:07:22 +0400] "GET /?page=4 HTTP/1.1" 200 4300
::1 - - [27/Feb/2023:20:08:00 +0400] "GET /?page=4 HTTP/1.1" 200 4300
::1 - - [27/Feb/2023:20:08:14 +0400] "POST /?page=4 HTTP/1.1" 200 4548
::1 - - [27/Feb/2023:20:09:19 +0400] "POST /?page=4 HTTP/1.1" 200 4618
::1 - - [27/Feb/2023:20:09:22 +0400] "POST /?page=4 HTTP/1.1" 200 4618
::1 - - [27/Feb/2023:20:12:24 +0400] "POST /?page=4 HTTP/1.1" 200 4501
::1 - - [27/Feb/2023:20:12:34 +0400] "POST /?page=4 HTTP/1.1" 200 4501
::1 - - [27/Feb/2023:20:12:39 +0400] "POST /?page=4 HTTP/1.1" 200 4501
::1 - - [28/Feb/2023:19:36:52 +0400] "POST /?page=4 HTTP/1.1" 200 4615
::1 - - [28/Feb/2023:19:37:17 +0400] "POST /?page=4 HTTP/1.1" 302 4414
::1 - - [28/Feb/2023:19:37:17 +0400] "GET /?page=4 HTTP/1.1" 200 4433
::1 - - [28/Feb/2023:19:38:58 +0400] "GET /?page=4 HTTP/1.1" 200 4445
::1 - - [28/Feb/2023:19:40:14 +0400] "GET /?page=4 HTTP/1.1" 200 4546
::1 - - [28/Feb/2023:19:40:24 +0400] "POST /?page=4 HTTP/1.1" 302 4546
::1 - - [28/Feb/2023:19:40:24 +0400] "GET /?page=4 HTTP/1.1" 200 4527
